<?xml version="1.0" encoding="UTF-8"?>
<!-- Generated by org.testng.reporters.JUnitReportReporter -->
<testsuite hostname="LIN-5CD527266M" failures="0" tests="1" name="TestClass.Registration_Ensure_cr" time="7.776" errors="0" timestamp="2025-09-25T11:01:38 IST" skipped="0">
  <testcase classname="TestClass.Registration_Ensure_cr" name="Verify_Registration" time="7.776"/>
</testsuite> <!-- TestClass.Registration_Ensure_cr -->
